Building sites … 
                   | EN  
-------------------+-----
  Pages            | 10  
  Paginator pages  |  0  
  Non-page files   |  0  
  Static files     |  6  
  Processed images |  0  
  Aliases          |  1  
  Sitemaps         |  1  
  Cleaned          |  0  

Built in 20 ms
Watching for changes in /Users/tanmengxi/workspace/tech_blog/quickstart/{archetypes,content,data,layouts,static,themes}
Watching for config changes in /Users/tanmengxi/workspace/tech_blog/quickstart/config.toml
Environment: "development"
Serving pages from memory
Running in Fast Render Mode. For full rebuilds on change: hugo server --disableFastRender
Web Server is available at http://localhost:1313/ (bind address 127.0.0.1)
Press Ctrl+C to stop

Change detected, rebuilding site.
2020-07-09 11:36:20.302 +0800
Source changed "/Users/tanmengxi/workspace/tech_blog/quickstart/content/posts/my-first-post.md": WRITE
Total in 0 ms
ERROR 2020/07/09 11:36:20 Rebuild failed:

ERROR 2020/07/09 11:36:20 "/Users/tanmengxi/workspace/tech_blog/quickstart/content/posts/my-first-post.md:4:1": failed to unmarshal YAML: yaml: line 3: mapping values are not allowed in this context

Change detected, rebuilding site.
2020-07-09 11:36:24.304 +0800
Source changed "/Users/tanmengxi/workspace/tech_blog/quickstart/content/posts/my-first-post.md": WRITE
Total in 2 ms

Change of config file detected, rebuilding site.
2020-07-09 11:48:59.285 +0800
Rebuilt in 50 ms

Change of config file detected, rebuilding site.
2020-07-09 11:49:01.337 +0800
Rebuilt in 43 ms

Change of config file detected, rebuilding site.
2020-07-09 11:53:10.278 +0800
Rebuilt in 39 ms
